# JRE version: OpenJDK Runtime Environment JBR-17.0.9+7-1087.9-jcef (17.0.9+7) (build 17.0.9+7-b1087.9)
# Java VM: OpenJDK 64-Bit Server VM JBR-17.0.9+7-1087.9-jcef (17.0.9+7-b1087.9, mixed mode, tiered, compressed oops, compressed class ptrs, g1 gc, windows-amd64)
GC Precious Log:
 CPUs: 8 total, 8 available
 Memory: 15295M
 Large Page Support: Disabled
 NUMA Support: Disabled
 Compressed Oops: Enabled (32-bit)
 Heap Region Size: 1M
 Heap Min Capacity: 128M
 Heap Initial Capacity: 128M
 Heap Max Capacity: 1G
 Pre-touch: Disabled
 Parallel Workers: 8
 Concurrent Workers: 2
 Concurrent Refinement Workers: 8
 Periodic GC: Disabled
Heap:
 garbage-first heap   total 186368K, used 135168K [0x00000000c0000000, 0x0000000100000000)
  region size 1024K, 3 young (3072K), 3 survivors (3072K)
 Metaspace       used 37644K, committed 37952K, reserved 1114112K
  class space    used 4148K, committed 4288K, reserved 1048576K
GC Heap History (20 events):
Event: 1.607 GC heap after
{Heap after GC invocations=1 (full 0):
 garbage-first heap   total 131072K, used 8811K [0x00000000c0000000, 0x0000000100000000)
  region size 1024K, 3 young (3072K), 3 survivors (3072K)
 Metaspace       used 16858K, committed 17024K, reserved 1114112K
  class space    used 1597K, committed 1664K, reserved 1048576K
}
Event: 1.925 GC heap before
{Heap before GC invocations=1 (full 0):
 garbage-first heap   total 131072K, used 19051K [0x00000000c0000000, 0x0000000100000000)
  region size 1024K, 14 young (14336K), 3 survivors (3072K)
 Metaspace       used 21323K, committed 21504K, reserved 1114112K
  class space    used 2073K, committed 2176K, reserved 1048576K
}
Event: 1.932 GC heap after
{Heap after GC invocations=2 (full 0):
 garbage-first heap   total 131072K, used 10271K [0x00000000c0000000, 0x0000000100000000)
  region size 1024K, 2 young (2048K), 2 survivors (2048K)
 Metaspace       used 21323K, committed 21504K, reserved 1114112K
  class space    used 2073K, committed 2176K, reserved 1048576K
}
Event: 3.567 GC heap before
{Heap before GC invocations=3 (full 0):
 garbage-first heap   total 131072K, used 57375K [0x00000000c0000000, 0x0000000100000000)
  region size 1024K, 50 young (51200K), 2 survivors (2048K)
 Metaspace       used 35701K, committed 35968K, reserved 1114112K
  class space    used 3978K, committed 4096K, reserved 1048576K
}
Event: 3.581 GC heap after
{Heap after GC invocations=4 (full 0):
 garbage-first heap   total 131072K, used 13989K [0x00000000c0000000, 0x0000000100000000)
  region size 1024K, 6 young (6144K), 6 survivors (6144K)
 Metaspace       used 35701K, committed 35968K, reserved 1114112K
  class space    used 3978K, committed 4096K, reserved 1048576K
}
Event: 3.858 GC heap before
{Heap before GC invocations=5 (full 0):
 garbage-first heap   total 131072K, used 67237K [0x00000000c0000000, 0x0000000100000000)
  region size 1024K, 11 young (11264K), 6 survivors (6144K)
 Metaspace       used 36606K, committed 36928K, reserved 1114112K
  class space    used 4124K, committed 4288K, reserved 1048576K
}
Event: 3.866 GC heap after
{Heap after GC invocations=6 (full 0):
 garbage-first heap   total 131072K, used 47296K [0x00000000c0000000, 0x0000000100000000)
  region size 1024K, 6 young (6144K), 6 survivors (6144K)
 Metaspace       used 36606K, committed 36928K, reserved 1114112K
  class space    used 4124K, committed 4288K, reserved 1048576K
}
Event: 3.966 GC heap before
{Heap before GC invocations=6 (full 0):
 garbage-first heap   total 131072K, used 79040K [0x00000000c0000000, 0x0000000100000000)
  region size 1024K, 6 young (6144K), 6 survivors (6144K)
 Metaspace       used 36609K, committed 36928K, reserved 1114112K
  class space    used 4124K, committed 4288K, reserved 1048576K
}
Event: 3.975 GC heap after
{Heap after GC invocations=7 (full 0):
 garbage-first heap   total 131072K, used 62477K [0x00000000c0000000, 0x0000000100000000)
  region size 1024K, 5 young (5120K), 5 survivors (5120K)
 Metaspace       used 36609K, committed 36928K, reserved 1114112K
  class space    used 4124K, committed 4288K, reserved 1048576K
}
Event: 4.261 GC heap before
{Heap before GC invocations=7 (full 0):
 garbage-first heap   total 131072K, used 104461K [0x00000000c0000000, 0x0000000100000000)
  region size 1024K, 16 young (16384K), 5 survivors (5120K)
 Metaspace       used 37121K, committed 37376K, reserved 1114112K
  class space    used 4153K, committed 4288K, reserved 1048576K
}
Event: 4.275 GC heap after
{Heap after GC invocations=8 (full 0):
 garbage-first heap   total 164864K, used 51102K [0x00000000c0000000, 0x0000000100000000)
  region size 1024K, 6 young (6144K), 6 survivors (6144K)
 Metaspace       used 37121K, committed 37376K, reserved 1114112K
  class space    used 4153K, committed 4288K, reserved 1048576K
}
Event: 4.974 GC heap before
{Heap before GC invocations=8 (full 0):
 garbage-first heap   total 164864K, used 123806K [0x00000000c0000000, 0x0000000100000000)
  region size 1024K, 69 young (70656K), 6 survivors (6144K)
 Metaspace       used 37519K, committed 37824K, reserved 1114112K
  class space    used 4155K, committed 4288K, reserved 1048576K
}
Event: 5.018 GC heap after
{Heap after GC invocations=9 (full 0):
 garbage-first heap   total 164864K, used 86308K [0x00000000c0000000, 0x0000000100000000)
  region size 1024K, 9 young (9216K), 9 survivors (9216K)
 Metaspace       used 37519K, committed 37824K, reserved 1114112K
  class space    used 4155K, committed 4288K, reserved 1048576K
}
Event: 5.166 GC heap before
{Heap before GC invocations=9 (full 0):
 garbage-first heap   total 164864K, used 119076K [0x00000000c0000000, 0x0000000100000000)
  region size 1024K, 41 young (41984K), 9 survivors (9216K)
 Metaspace       used 37599K, committed 37888K, reserved 1114112K
  class space    used 4155K, committed 4288K, reserved 1048576K
}
Event: 5.203 GC heap after
{Heap after GC invocations=10 (full 0):
 garbage-first heap   total 164864K, used 102400K [0x00000000c0000000, 0x0000000100000000)
  region size 1024K, 6 young (6144K), 6 survivors (6144K)
 Metaspace       used 37599K, committed 37888K, reserved 1114112K
  class space    used 4155K, committed 4288K, reserved 1048576K
}
Event: 5.360 GC heap before
{Heap before GC invocations=11 (full 0):
 garbage-first heap   total 186368K, used 124928K [0x00000000c0000000, 0x0000000100000000)
  region size 1024K, 28 young (28672K), 6 survivors (6144K)
 Metaspace       used 37575K, committed 37888K, reserved 1114112K
  class space    used 4148K, committed 4288K, reserved 1048576K
}
Event: 5.388 GC heap after
{Heap after GC invocations=12 (full 0):
 garbage-first heap   total 186368K, used 113152K [0x00000000c0000000, 0x0000000100000000)
  region size 1024K, 4 young (4096K), 4 survivors (4096K)
 Metaspace       used 37575K, committed 37888K, reserved 1114112K
  class space    used 4148K, committed 4288K, reserved 1048576K
}
Event: 5.487 GC heap before
{Heap before GC invocations=12 (full 0):
 garbage-first heap   total 186368K, used 138752K [0x00000000c0000000, 0x0000000100000000)
  region size 1024K, 29 young (29696K), 4 survivors (4096K)
 Metaspace       used 37597K, committed 37952K, reserved 1114112K
  class space    used 4148K, committed 4288K, reserved 1048576K
}
Event: 5.513 GC heap after
{Heap after GC invocations=13 (full 0):
 garbage-first heap   total 186368K, used 126464K [0x00000000c0000000, 0x0000000100000000)
  region size 1024K, 4 young (4096K), 4 survivors (4096K)
 Metaspace       used 37597K, committed 37952K, reserved 1114112K
  class space    used 4148K, committed 4288K, reserved 1048576K
}
Event: 5.639 GC heap before
{Heap before GC invocations=13 (full 0):
 garbage-first heap   total 186368K, used 144896K [0x00000000c0000000, 0x0000000100000000)
  region size 1024K, 22 young (22528K), 4 survivors (4096K)
 Metaspace       used 37644K, committed 37952K, reserved 1114112K
  class space    used 4148K, committed 4288K, reserved 1048576K
}

