# JRE version: OpenJDK Runtime Environment JBR-17.0.9+7-1087.9-jcef (17.0.9+7) (build 17.0.9+7-b1087.9)
# Java VM: OpenJDK 64-Bit Server VM JBR-17.0.9+7-1087.9-jcef (17.0.9+7-b1087.9, mixed mode, tiered, compressed oops, compressed class ptrs, g1 gc, windows-amd64)
GC Precious Log:
 CPUs: 8 total, 8 available
 Memory: 15295M
 Large Page Support: Disabled
 NUMA Support: Disabled
 Compressed Oops: Enabled (32-bit)
 Heap Region Size: 1M
 Heap Min Capacity: 128M
 Heap Initial Capacity: 128M
 Heap Max Capacity: 1G
 Pre-touch: Disabled
 Parallel Workers: 8
 Concurrent Workers: 2
 Concurrent Refinement Workers: 8
 Periodic GC: Disabled
Heap:
 garbage-first heap   total 239616K, used 162304K [0x00000000c0000000, 0x0000000100000000)
  region size 1024K, 21 young (21504K), 3 survivors (3072K)
 Metaspace       used 37848K, committed 38144K, reserved 1114112K
  class space    used 4173K, committed 4288K, reserved 1048576K
GC Heap History (20 events):
Event: 1.689 GC heap before
{Heap before GC invocations=1 (full 0):
 garbage-first heap   total 131072K, used 18072K [0x00000000c0000000, 0x0000000100000000)
  region size 1024K, 14 young (14336K), 3 survivors (3072K)
 Metaspace       used 21280K, committed 21504K, reserved 1114112K
  class space    used 2067K, committed 2176K, reserved 1048576K
}
Event: 1.695 GC heap after
{Heap after GC invocations=2 (full 0):
 garbage-first heap   total 131072K, used 10235K [0x00000000c0000000, 0x0000000100000000)
  region size 1024K, 2 young (2048K), 2 survivors (2048K)
 Metaspace       used 21280K, committed 21504K, reserved 1114112K
  class space    used 2067K, committed 2176K, reserved 1048576K
}
Event: 3.272 GC heap before
{Heap before GC invocations=3 (full 0):
 garbage-first heap   total 131072K, used 56315K [0x00000000c0000000, 0x0000000100000000)
  region size 1024K, 49 young (50176K), 2 survivors (2048K)
 Metaspace       used 35678K, committed 35968K, reserved 1114112K
  class space    used 3975K, committed 4096K, reserved 1048576K
}
Event: 3.282 GC heap after
{Heap after GC invocations=4 (full 0):
 garbage-first heap   total 131072K, used 13981K [0x00000000c0000000, 0x0000000100000000)
  region size 1024K, 5 young (5120K), 5 survivors (5120K)
 Metaspace       used 35678K, committed 35968K, reserved 1114112K
  class space    used 3975K, committed 4096K, reserved 1048576K
}
Event: 3.587 GC heap before
{Heap before GC invocations=5 (full 0):
 garbage-first heap   total 131072K, used 67229K [0x00000000c0000000, 0x0000000100000000)
  region size 1024K, 10 young (10240K), 5 survivors (5120K)
 Metaspace       used 36691K, committed 37056K, reserved 1114112K
  class space    used 4142K, committed 4288K, reserved 1048576K
}
Event: 3.595 GC heap after
{Heap after GC invocations=6 (full 0):
 garbage-first heap   total 131072K, used 47555K [0x00000000c0000000, 0x0000000100000000)
  region size 1024K, 6 young (6144K), 6 survivors (6144K)
 Metaspace       used 36691K, committed 37056K, reserved 1114112K
  class space    used 4142K, committed 4288K, reserved 1048576K
}
Event: 3.682 GC heap before
{Heap before GC invocations=6 (full 0):
 garbage-first heap   total 131072K, used 79299K [0x00000000c0000000, 0x0000000100000000)
  region size 1024K, 6 young (6144K), 6 survivors (6144K)
 Metaspace       used 36697K, committed 37056K, reserved 1114112K
  class space    used 4142K, committed 4288K, reserved 1048576K
}
Event: 3.691 GC heap after
{Heap after GC invocations=7 (full 0):
 garbage-first heap   total 131072K, used 62958K [0x00000000c0000000, 0x0000000100000000)
  region size 1024K, 1 young (1024K), 1 survivors (1024K)
 Metaspace       used 36697K, committed 37056K, reserved 1114112K
  class space    used 4142K, committed 4288K, reserved 1048576K
}
Event: 4.061 GC heap before
{Heap before GC invocations=8 (full 0):
 garbage-first heap   total 160768K, used 105966K [0x00000000c0000000, 0x0000000100000000)
  region size 1024K, 14 young (14336K), 1 survivors (1024K)
 Metaspace       used 37213K, committed 37504K, reserved 1114112K
  class space    used 4172K, committed 4288K, reserved 1048576K
}
Event: 4.077 GC heap after
{Heap after GC invocations=9 (full 0):
 garbage-first heap   total 160768K, used 52393K [0x00000000c0000000, 0x0000000100000000)
  region size 1024K, 6 young (6144K), 6 survivors (6144K)
 Metaspace       used 37213K, committed 37504K, reserved 1114112K
  class space    used 4172K, committed 4288K, reserved 1048576K
}
Event: 4.678 GC heap before
{Heap before GC invocations=9 (full 0):
 garbage-first heap   total 160768K, used 119977K [0x00000000c0000000, 0x0000000100000000)
  region size 1024K, 64 young (65536K), 6 survivors (6144K)
 Metaspace       used 37571K, committed 37888K, reserved 1114112K
  class space    used 4173K, committed 4288K, reserved 1048576K
}
Event: 4.723 GC heap after
{Heap after GC invocations=10 (full 0):
 garbage-first heap   total 193536K, used 85353K [0x00000000c0000000, 0x0000000100000000)
  region size 1024K, 8 young (8192K), 8 survivors (8192K)
 Metaspace       used 37571K, committed 37888K, reserved 1114112K
  class space    used 4173K, committed 4288K, reserved 1048576K
}
Event: 4.985 GC heap before
{Heap before GC invocations=10 (full 0):
 garbage-first heap   total 193536K, used 133481K [0x00000000c0000000, 0x0000000100000000)
  region size 1024K, 55 young (56320K), 8 survivors (8192K)
 Metaspace       used 37672K, committed 37952K, reserved 1114112K
  class space    used 4173K, committed 4288K, reserved 1048576K
}
Event: 5.030 GC heap after
{Heap after GC invocations=11 (full 0):
 garbage-first heap   total 193536K, used 108032K [0x00000000c0000000, 0x0000000100000000)
  region size 1024K, 7 young (7168K), 7 survivors (7168K)
 Metaspace       used 37672K, committed 37952K, reserved 1114112K
  class space    used 4173K, committed 4288K, reserved 1048576K
}
Event: 5.159 GC heap before
{Heap before GC invocations=11 (full 0):
 garbage-first heap   total 193536K, used 141824K [0x00000000c0000000, 0x0000000100000000)
  region size 1024K, 40 young (40960K), 7 survivors (7168K)
 Metaspace       used 37678K, committed 38016K, reserved 1114112K
  class space    used 4173K, committed 4288K, reserved 1048576K
}
Event: 5.195 GC heap after
{Heap after GC invocations=12 (full 0):
 garbage-first heap   total 193536K, used 124928K [0x00000000c0000000, 0x0000000100000000)
  region size 1024K, 5 young (5120K), 5 survivors (5120K)
 Metaspace       used 37678K, committed 38016K, reserved 1114112K
  class space    used 4173K, committed 4288K, reserved 1048576K
}
Event: 5.296 GC heap before
{Heap before GC invocations=12 (full 0):
 garbage-first heap   total 193536K, used 148480K [0x00000000c0000000, 0x0000000100000000)
  region size 1024K, 28 young (28672K), 5 survivors (5120K)
 Metaspace       used 37689K, committed 38016K, reserved 1114112K
  class space    used 4173K, committed 4288K, reserved 1048576K
}
Event: 5.320 GC heap after
{Heap after GC invocations=13 (full 0):
 garbage-first heap   total 193536K, used 136192K [0x00000000c0000000, 0x0000000100000000)
  region size 1024K, 4 young (4096K), 4 survivors (4096K)
 Metaspace       used 37689K, committed 38016K, reserved 1114112K
  class space    used 4173K, committed 4288K, reserved 1048576K
}
Event: 5.498 GC heap before
{Heap before GC invocations=14 (full 0):
 garbage-first heap   total 239616K, used 153600K [0x00000000c0000000, 0x0000000100000000)
  region size 1024K, 21 young (21504K), 4 survivors (4096K)
 Metaspace       used 37750K, committed 38080K, reserved 1114112K
  class space    used 4167K, committed 4288K, reserved 1048576K
}
Event: 5.517 GC heap after
{Heap after GC invocations=15 (full 0):
 garbage-first heap   total 239616K, used 144896K [0x00000000c0000000, 0x0000000100000000)
  region size 1024K, 3 young (3072K), 3 survivors (3072K)
 Metaspace       used 37750K, committed 38080K, reserved 1114112K
  class space    used 4167K, committed 4288K, reserved 1048576K
}

