# JRE version: OpenJDK Runtime Environment JBR-17.0.8+7-1000.8-nomod (17.0.8+7) (build 17.0.8+7-b1000.8)
# Java VM: OpenJDK 64-Bit Server VM JBR-17.0.8+7-1000.8-nomod (17.0.8+7-b1000.8, mixed mode, tiered, compressed oops, compressed class ptrs, g1 gc, windows-amd64)
GC Precious Log:
 CPUs: 8 total, 8 available
 Memory: 15295M
 Large Page Support: Disabled
 NUMA Support: Disabled
 Compressed Oops: Enabled (32-bit)
 Heap Region Size: 1M
 Heap Min Capacity: 256M
 Heap Initial Capacity: 256M
 Heap Max Capacity: 512M
 Pre-touch: Disabled
 Parallel Workers: 8
 Concurrent Workers: 2
 Concurrent Refinement Workers: 8
 Periodic GC: Disabled
Heap:
 garbage-first heap   total 262144K, used 100345K [0x00000000e0000000, 0x0000000100000000)
  region size 1024K, 25 young (25600K), 7 survivors (7168K)
 Metaspace       used 68576K, committed 69376K, reserved 393216K
  class space    used 9090K, committed 9472K, reserved 327680K
GC Heap History (20 events):
Event: 10.139 GC heap before
{Heap before GC invocations=6 (full 0):
 garbage-first heap   total 262144K, used 53618K [0x00000000e0000000, 0x0000000100000000)
  region size 1024K, 32 young (32768K), 1 survivors (1024K)
 Metaspace       used 35637K, committed 35968K, reserved 393216K
  class space    used 4889K, committed 5056K, reserved 327680K
}
Event: 10.144 GC heap after
{Heap after GC invocations=7 (full 0):
 garbage-first heap   total 262144K, used 24003K [0x00000000e0000000, 0x0000000100000000)
  region size 1024K, 2 young (2048K), 2 survivors (2048K)
 Metaspace       used 35637K, committed 35968K, reserved 393216K
  class space    used 4889K, committed 5056K, reserved 327680K
}
Event: 14.861 GC heap before
{Heap before GC invocations=8 (full 0):
 garbage-first heap   total 262144K, used 184771K [0x00000000e0000000, 0x0000000100000000)
  region size 1024K, 153 young (156672K), 2 survivors (2048K)
 Metaspace       used 54728K, committed 55232K, reserved 393216K
  class space    used 7358K, committed 7552K, reserved 327680K
}
Event: 14.878 GC heap after
{Heap after GC invocations=9 (full 0):
 garbage-first heap   total 262144K, used 36383K [0x00000000e0000000, 0x0000000100000000)
  region size 1024K, 14 young (14336K), 14 survivors (14336K)
 Metaspace       used 54728K, committed 55232K, reserved 393216K
  class space    used 7358K, committed 7552K, reserved 327680K
}
Event: 14.905 GC heap before
{Heap before GC invocations=9 (full 0):
 garbage-first heap   total 262144K, used 37407K [0x00000000e0000000, 0x0000000100000000)
  region size 1024K, 15 young (15360K), 14 survivors (14336K)
 Metaspace       used 54814K, committed 55296K, reserved 393216K
  class space    used 7372K, committed 7552K, reserved 327680K
}
Event: 14.916 GC heap after
{Heap after GC invocations=10 (full 0):
 garbage-first heap   total 262144K, used 37566K [0x00000000e0000000, 0x0000000100000000)
  region size 1024K, 2 young (2048K), 2 survivors (2048K)
 Metaspace       used 54814K, committed 55296K, reserved 393216K
  class space    used 7372K, committed 7552K, reserved 327680K
}
Event: 17.170 GC heap before
{Heap before GC invocations=10 (full 0):
 garbage-first heap   total 262144K, used 128702K [0x00000000e0000000, 0x0000000100000000)
  region size 1024K, 92 young (94208K), 2 survivors (2048K)
 Metaspace       used 59486K, committed 60096K, reserved 393216K
  class space    used 8103K, committed 8384K, reserved 327680K
}
Event: 17.182 GC heap after
{Heap after GC invocations=11 (full 0):
 garbage-first heap   total 262144K, used 47460K [0x00000000e0000000, 0x0000000100000000)
  region size 1024K, 12 young (12288K), 12 survivors (12288K)
 Metaspace       used 59486K, committed 60096K, reserved 393216K
  class space    used 8103K, committed 8384K, reserved 327680K
}
Event: 21.164 GC heap before
{Heap before GC invocations=12 (full 0):
 garbage-first heap   total 262144K, used 187748K [0x00000000e0000000, 0x0000000100000000)
  region size 1024K, 150 young (153600K), 12 survivors (12288K)
 Metaspace       used 64798K, committed 65472K, reserved 393216K
  class space    used 8794K, committed 9088K, reserved 327680K
}
Event: 21.182 GC heap after
{Heap after GC invocations=13 (full 0):
 garbage-first heap   total 262144K, used 59598K [0x00000000e0000000, 0x0000000100000000)
  region size 1024K, 12 young (12288K), 12 survivors (12288K)
 Metaspace       used 64798K, committed 65472K, reserved 393216K
  class space    used 8794K, committed 9088K, reserved 327680K
}
Event: 23.581 GC heap before
{Heap before GC invocations=13 (full 0):
 garbage-first heap   total 262144K, used 194766K [0x00000000e0000000, 0x0000000100000000)
  region size 1024K, 145 young (148480K), 12 survivors (12288K)
 Metaspace       used 66268K, committed 67008K, reserved 393216K
  class space    used 8916K, committed 9216K, reserved 327680K
}
Event: 23.595 GC heap after
{Heap after GC invocations=14 (full 0):
 garbage-first heap   total 262144K, used 65148K [0x00000000e0000000, 0x0000000100000000)
  region size 1024K, 7 young (7168K), 7 survivors (7168K)
 Metaspace       used 66268K, committed 67008K, reserved 393216K
  class space    used 8916K, committed 9216K, reserved 327680K
}
Event: 41.526 GC heap before
{Heap before GC invocations=14 (full 0):
 garbage-first heap   total 262144K, used 200316K [0x00000000e0000000, 0x0000000100000000)
  region size 1024K, 140 young (143360K), 7 survivors (7168K)
 Metaspace       used 67726K, committed 68544K, reserved 393216K
  class space    used 9061K, committed 9408K, reserved 327680K
}
Event: 41.546 GC heap after
{Heap after GC invocations=15 (full 0):
 garbage-first heap   total 262144K, used 69957K [0x00000000e0000000, 0x0000000100000000)
  region size 1024K, 12 young (12288K), 12 survivors (12288K)
 Metaspace       used 67726K, committed 68544K, reserved 393216K
  class space    used 9061K, committed 9408K, reserved 327680K
}
Event: 46.751 GC heap before
{Heap before GC invocations=15 (full 0):
 garbage-first heap   total 262144K, used 203077K [0x00000000e0000000, 0x0000000100000000)
  region size 1024K, 143 young (146432K), 12 survivors (12288K)
 Metaspace       used 68141K, committed 68992K, reserved 393216K
  class space    used 9068K, committed 9472K, reserved 327680K
}
Event: 46.766 GC heap after
{Heap after GC invocations=16 (full 0):
 garbage-first heap   total 262144K, used 77165K [0x00000000e0000000, 0x0000000100000000)
  region size 1024K, 15 young (15360K), 15 survivors (15360K)
 Metaspace       used 68141K, committed 68992K, reserved 393216K
  class space    used 9068K, committed 9472K, reserved 327680K
}
Event: 49.465 GC heap before
{Heap before GC invocations=16 (full 0):
 garbage-first heap   total 262144K, used 206189K [0x00000000e0000000, 0x0000000100000000)
  region size 1024K, 141 young (144384K), 15 survivors (15360K)
 Metaspace       used 68277K, committed 69120K, reserved 393216K
  class space    used 9070K, committed 9472K, reserved 327680K
}
Event: 49.480 GC heap after
{Heap after GC invocations=17 (full 0):
 garbage-first heap   total 262144K, used 81169K [0x00000000e0000000, 0x0000000100000000)
  region size 1024K, 12 young (12288K), 12 survivors (12288K)
 Metaspace       used 68277K, committed 69120K, reserved 393216K
  class space    used 9070K, committed 9472K, reserved 327680K
}
Event: 52.175 GC heap before
{Heap before GC invocations=17 (full 0):
 garbage-first heap   total 262144K, used 209169K [0x00000000e0000000, 0x0000000100000000)
  region size 1024K, 137 young (140288K), 12 survivors (12288K)
 Metaspace       used 68385K, committed 69248K, reserved 393216K
  class space    used 9072K, committed 9472K, reserved 327680K
}
Event: 52.186 GC heap after
{Heap after GC invocations=18 (full 0):
 garbage-first heap   total 262144K, used 82937K [0x00000000e0000000, 0x0000000100000000)
  region size 1024K, 7 young (7168K), 7 survivors (7168K)
 Metaspace       used 68385K, committed 69248K, reserved 393216K
  class space    used 9072K, committed 9472K, reserved 327680K
}

