# JRE version: OpenJDK Runtime Environment JBR-17.0.8+7-1000.8-nomod (17.0.8+7) (build 17.0.8+7-b1000.8)
# Java VM: OpenJDK 64-Bit Server VM JBR-17.0.8+7-1000.8-nomod (17.0.8+7-b1000.8, mixed mode, tiered, compressed oops, compressed class ptrs, g1 gc, windows-amd64)
GC Precious Log:
 CPUs: 8 total, 8 available
 Memory: 15295M
 Large Page Support: Disabled
 NUMA Support: Disabled
 Compressed Oops: Enabled (32-bit)
 Heap Region Size: 1M
 Heap Min Capacity: 256M
 Heap Initial Capacity: 256M
 Heap Max Capacity: 512M
 Pre-touch: Disabled
 Parallel Workers: 8
 Concurrent Workers: 2
 Concurrent Refinement Workers: 8
 Periodic GC: Disabled
Heap:
 garbage-first heap   total 262144K, used 46214K [0x00000000e0000000, 0x0000000100000000)
  region size 1024K, 36 young (36864K), 9 survivors (9216K)
 Metaspace       used 25458K, committed 25728K, reserved 393216K
  class space    used 3231K, committed 3328K, reserved 327680K
GC Heap History (6 events):
Event: 4.151 GC heap before
{Heap before GC invocations=0 (full 0):
 garbage-first heap   total 262144K, used 27648K [0x00000000e0000000, 0x0000000100000000)
  region size 1024K, 23 young (23552K), 0 survivors (0K)
 Metaspace       used 10546K, committed 10688K, reserved 393216K
  class space    used 1092K, committed 1152K, reserved 327680K
}
Event: 4.823 GC heap after
{Heap after GC invocations=1 (full 0):
 garbage-first heap   total 262144K, used 10598K [0x00000000e0000000, 0x0000000100000000)
  region size 1024K, 3 young (3072K), 3 survivors (3072K)
 Metaspace       used 10546K, committed 10688K, reserved 393216K
  class space    used 1092K, committed 1152K, reserved 327680K
}
Event: 6.976 GC heap before
{Heap before GC invocations=1 (full 0):
 garbage-first heap   total 262144K, used 37222K [0x00000000e0000000, 0x0000000100000000)
  region size 1024K, 29 young (29696K), 3 survivors (3072K)
 Metaspace       used 11508K, committed 11648K, reserved 393216K
  class space    used 1197K, committed 1280K, reserved 327680K
}
Event: 6.979 GC heap after
{Heap after GC invocations=2 (full 0):
 garbage-first heap   total 262144K, used 12476K [0x00000000e0000000, 0x0000000100000000)
  region size 1024K, 2 young (2048K), 2 survivors (2048K)
 Metaspace       used 11508K, committed 11648K, reserved 393216K
  class space    used 1197K, committed 1280K, reserved 327680K
}
Event: 11.526 GC heap before
{Heap before GC invocations=2 (full 0):
 garbage-first heap   total 262144K, used 58556K [0x00000000e0000000, 0x0000000100000000)
  region size 1024K, 47 young (48128K), 2 survivors (2048K)
 Metaspace       used 21281K, committed 21504K, reserved 393216K
  class space    used 2499K, committed 2624K, reserved 327680K
}
Event: 11.542 GC heap after
{Heap after GC invocations=3 (full 0):
 garbage-first heap   total 262144K, used 19590K [0x00000000e0000000, 0x0000000100000000)
  region size 1024K, 9 young (9216K), 9 survivors (9216K)
 Metaspace       used 21281K, committed 21504K, reserved 393216K
  class space    used 2499K, committed 2624K, reserved 327680K
}

